<?xml version="1.0" encoding="UTF-8"?>
<!-- Generated by org.testng.reporters.JUnitReportReporter -->
<testsuite hostname="AHMs-MBP" failures="0" tests="1" name="com.testrun.TestNGCheck" time="0.004" errors="0" timestamp="2023-06-22T10:06:55 EDT" skipped="0">
  <testcase classname="com.testrun.TestNGCheck" name="Test1" time="0.004"/>
  <system-out/>
</testsuite> <!-- com.testrun.TestNGCheck -->
