<?xml version="1.0" encoding="UTF-8"?>
<!-- Generated by org.testng.reporters.JUnitReportReporter -->
<testsuite hostname="AHMs-MBP" failures="0" tests="4" name="com.testrun.CucumberRunner" time="19.945" errors="0" timestamp="2023-06-23T12:16:01 EDT" skipped="0">
  <testcase classname="com.testrun.CucumberRunner" name="runScenario" time="7.911"/>
  <system-out/>
  <testcase classname="com.testrun.CucumberRunner" name="runScenario" time="6.136"/>
  <system-out/>
  <testcase classname="com.testrun.CucumberRunner" name="runScenario" time="5.897"/>
  <system-out/>
  <testcase classname="com.testrun.CucumberRunner" name="Test1" time="0.001"/>
  <system-out/>
</testsuite> <!-- com.testrun.CucumberRunner -->
