<?xml version="1.0" encoding="UTF-8"?>
<!-- Generated by org.testng.reporters.JUnitReportReporter -->
<testsuite hostname="AHMs-MBP" failures="0" tests="4" name="com.testrun.CucumberRunner" time="22.135" errors="0" timestamp="2023-06-24T21:23:05 EDT" skipped="0">
  <testcase classname="com.testrun.CucumberRunner" name="runScenario" time="9.627"/>
  <system-out/>
  <testcase classname="com.testrun.CucumberRunner" name="Test1" time="0.003"/>
  <system-out/>
  <testcase classname="com.testrun.CucumberRunner" name="runScenario" time="5.813"/>
  <system-out/>
  <testcase classname="com.testrun.CucumberRunner" name="runScenario" time="6.692"/>
  <system-out/>
</testsuite> <!-- com.testrun.CucumberRunner -->
