<?xml version="1.0" encoding="UTF-8"?>
<!-- Generated by org.testng.reporters.JUnitReportReporter -->
<testsuite hostname="AHMs-MBP" failures="0" tests="4" name="com.testrun.CucumberRunner" time="24.197" errors="0" timestamp="2023-06-24T18:56:47 EDT" skipped="0">
  <testcase classname="com.testrun.CucumberRunner" name="Test1" time="0.003"/>
  <system-out/>
  <testcase classname="com.testrun.CucumberRunner" name="runScenario" time="5.840"/>
  <system-out/>
  <testcase classname="com.testrun.CucumberRunner" name="runScenario" time="11.602"/>
  <system-out/>
  <testcase classname="com.testrun.CucumberRunner" name="runScenario" time="6.752"/>
  <system-out/>
</testsuite> <!-- com.testrun.CucumberRunner -->
