<?xml version="1.0" encoding="UTF-8"?>
<!-- Generated by org.testng.reporters.JUnitReportReporter -->
<testsuite hostname="AHMs-MBP" failures="0" tests="4" name="com.testrun.CucumberRunner" time="20.880" errors="0" timestamp="2023-07-04T09:56:53 EDT" skipped="0">
  <testcase classname="com.testrun.CucumberRunner" name="runScenario" time="5.844"/>
  <system-out/>
  <testcase classname="com.testrun.CucumberRunner" name="runScenario" time="9.454"/>
  <system-out/>
  <testcase classname="com.testrun.CucumberRunner" name="Test1" time="0.004"/>
  <system-out/>
  <testcase classname="com.testrun.CucumberRunner" name="runScenario" time="5.578"/>
  <system-out/>
</testsuite> <!-- com.testrun.CucumberRunner -->
